{"/Users/sandesh_manasali/Desktop/assignment/pando-contract-app/contract-app-be/src/server.ts": {"path":"/Users/sandesh_manasali/Desktop/assignment/pando-contract-app/contract-app-be/src/server.ts","statementMap":{"0":{"start":{"line":1,"column":0},"end":{"line":1,"column":43}},"1":{"start":{"line":2,"column":0},"end":{"line":2,"column":28}},"2":{"start":{"line":3,"column":0},"end":{"line":3,"column":24}},"3":{"start":{"line":4,"column":0},"end":{"line":4,"column":37}},"4":{"start":{"line":5,"column":0},"end":{"line":5,"column":32}},"5":{"start":{"line":6,"column":0},"end":{"line":6,"column":24}},"6":{"start":{"line":7,"column":0},"end":{"line":7,"column":60}},"7":{"start":{"line":8,"column":0},"end":{"line":8,"column":49}},"8":{"start":{"line":9,"column":0},"end":{"line":9,"column":40}},"9":{"start":{"line":10,"column":0},"end":{"line":10,"column":56}},"10":{"start":{"line":12,"column":0},"end":{"line":12,"column":16}},"11":{"start":{"line":14,"column":13},"end":{"line":14,"column":44}},"12":{"start":{"line":17,"column":19},"end":{"line":17,"column":53}},"13":{"start":{"line":18,"column":19},"end":{"line":18,"column":61}},"14":{"start":{"line":19,"column":19},"end":{"line":19,"column":87}},"15":{"start":{"line":24,"column":4},"end":{"line":24,"column":25}},"16":{"start":{"line":25,"column":4},"end":{"line":25,"column":37}},"17":{"start":{"line":26,"column":4},"end":{"line":26,"column":35}},"18":{"start":{"line":30,"column":4},"end":{"line":70,"column":5}},"19":{"start":{"line":31,"column":6},"end":{"line":31,"column":45}},"20":{"start":{"line":32,"column":26},"end":{"line":32,"column":65}},"21":{"start":{"line":33,"column":6},"end":{"line":35,"column":7}},"22":{"start":{"line":34,"column":8},"end":{"line":34,"column":63}},"23":{"start":{"line":36,"column":6},"end":{"line":36,"column":48}},"24":{"start":{"line":38,"column":6},"end":{"line":40,"column":9}},"25":{"start":{"line":39,"column":8},"end":{"line":39,"column":74}},"26":{"start":{"line":42,"column":6},"end":{"line":44,"column":9}},"27":{"start":{"line":43,"column":8},"end":{"line":43,"column":68}},"28":{"start":{"line":46,"column":6},"end":{"line":48,"column":9}},"29":{"start":{"line":47,"column":8},"end":{"line":47,"column":76}},"30":{"start":{"line":50,"column":6},"end":{"line":50,"column":25}},"31":{"start":{"line":52,"column":6},"end":{"line":59,"column":56}},"32":{"start":{"line":61,"column":6},"end":{"line":61,"column":25}},"33":{"start":{"line":63,"column":6},"end":{"line":67,"column":7}},"34":{"start":{"line":64,"column":8},"end":{"line":66,"column":11}},"35":{"start":{"line":65,"column":10},"end":{"line":65,"column":73}},"36":{"start":{"line":69,"column":6},"end":{"line":69,"column":42}},"37":{"start":{"line":74,"column":28},"end":{"line":74,"column":51}},"38":{"start":{"line":75,"column":4},"end":{"line":75,"column":52}},"39":{"start":{"line":76,"column":4},"end":{"line":76,"column":59}},"40":{"start":{"line":80,"column":4},"end":{"line":83,"column":7}},"41":{"start":{"line":81,"column":6},"end":{"line":81,"column":33}},"42":{"start":{"line":82,"column":6},"end":{"line":82,"column":38}},"43":{"start":{"line":87,"column":4},"end":{"line":106,"column":5}},"44":{"start":{"line":88,"column":6},"end":{"line":91,"column":7}},"45":{"start":{"line":89,"column":8},"end":{"line":89,"column":28}},"46":{"start":{"line":90,"column":8},"end":{"line":90,"column":47}},"47":{"start":{"line":93,"column":6},"end":{"line":95,"column":7}},"48":{"start":{"line":94,"column":8},"end":{"line":94,"column":42}},"49":{"start":{"line":97,"column":6},"end":{"line":97,"column":44}},"50":{"start":{"line":99,"column":6},"end":{"line":101,"column":8}},"51":{"start":{"line":102,"column":6},"end":{"line":102,"column":22}},"52":{"start":{"line":104,"column":6},"end":{"line":104,"column":56}},"53":{"start":{"line":105,"column":6},"end":{"line":105,"column":22}},"54":{"start":{"line":110,"column":0},"end":{"line":113,"column":5}},"55":{"start":{"line":111,"column":14},"end":{"line":111,"column":23}},"56":{"start":{"line":112,"column":2},"end":{"line":112,"column":14}}},"fnMap":{"0":{"name":"(anonymous_8)","decl":{"start":{"line":23,"column":2},"end":{"line":23,"column":null}},"loc":{"start":{"line":23,"column":2},"end":{"line":27,"column":3}}},"1":{"name":"(anonymous_9)","decl":{"start":{"line":29,"column":8},"end":{"line":29,"column":13}},"loc":{"start":{"line":29,"column":13},"end":{"line":71,"column":null}}},"2":{"name":"(anonymous_11)","decl":{"start":{"line":38,"column":39},"end":{"line":38,"column":42}},"loc":{"start":{"line":38,"column":44},"end":{"line":40,"column":7}}},"3":{"name":"(anonymous_12)","decl":{"start":{"line":42,"column":45},"end":{"line":42,"column":48}},"loc":{"start":{"line":42,"column":50},"end":{"line":44,"column":7}}},"4":{"name":"(anonymous_13)","decl":{"start":{"line":46,"column":38},"end":{"line":46,"column":39}},"loc":{"start":{"line":46,"column":48},"end":{"line":48,"column":7}}},"5":{"name":"(anonymous_14)","decl":{"start":{"line":64,"column":38},"end":{"line":64,"column":41}},"loc":{"start":{"line":64,"column":43},"end":{"line":66,"column":9}}},"6":{"name":"(anonymous_15)","decl":{"start":{"line":73,"column":10},"end":{"line":73,"column":21}},"loc":{"start":{"line":73,"column":21},"end":{"line":77,"column":3}}},"7":{"name":"(anonymous_16)","decl":{"start":{"line":79,"column":10},"end":{"line":79,"column":33}},"loc":{"start":{"line":79,"column":33},"end":{"line":84,"column":3}}},"8":{"name":"(anonymous_17)","decl":{"start":{"line":80,"column":26},"end":{"line":80,"column":29}},"loc":{"start":{"line":80,"column":31},"end":{"line":83,"column":5}}},"9":{"name":"(anonymous_18)","decl":{"start":{"line":86,"column":16},"end":{"line":86,"column":40}},"loc":{"start":{"line":86,"column":40},"end":{"line":107,"column":null}}},"10":{"name":"(anonymous_20)","decl":{"start":{"line":110,"column":16},"end":{"line":110,"column":19}},"loc":{"start":{"line":110,"column":21},"end":{"line":113,"column":1}}}},"branchMap":{"0":{"loc":{"start":{"line":17,"column":26},"end":{"line":17,"column":52}},"type":"binary-expr","locations":[{"start":{"line":17,"column":26},"end":{"line":17,"column":42}},{"start":{"line":17,"column":46},"end":{"line":17,"column":52}}]},"1":{"loc":{"start":{"line":18,"column":32},"end":{"line":18,"column":60}},"type":"binary-expr","locations":[{"start":{"line":18,"column":32},"end":{"line":18,"column":54}},{"start":{"line":18,"column":58},"end":{"line":18,"column":60}}]},"2":{"loc":{"start":{"line":33,"column":6},"end":{"line":35,"column":7}},"type":"if","locations":[{"start":{"line":33,"column":6},"end":{"line":35,"column":7}}]},"3":{"loc":{"start":{"line":63,"column":6},"end":{"line":67,"column":7}},"type":"if","locations":[{"start":{"line":63,"column":6},"end":{"line":67,"column":7}}]},"4":{"loc":{"start":{"line":88,"column":6},"end":{"line":91,"column":7}},"type":"if","locations":[{"start":{"line":88,"column":6},"end":{"line":91,"column":7}}]},"5":{"loc":{"start":{"line":93,"column":6},"end":{"line":95,"column":7}},"type":"if","locations":[{"start":{"line":93,"column":6},"end":{"line":95,"column":7}}]}},"s":{"0":0,"1":0,"2":0,"3":0,"4":0,"5":0,"6":0,"7":0,"8":0,"9":0,"10":0,"11":0,"12":0,"13":0,"14":0,"15":0,"16":0,"17":0,"18":0,"19":0,"20":0,"21":0,"22":0,"23":0,"24":0,"25":0,"26":0,"27":0,"28":0,"29":0,"30":0,"31":0,"32":0,"33":0,"34":0,"35":0,"36":0,"37":0,"38":0,"39":0,"40":0,"41":0,"42":0,"43":0,"44":0,"45":0,"46":0,"47":0,"48":0,"49":0,"50":0,"51":0,"52":0,"53":0,"54":0,"55":0,"56":0},"f":{"0":0,"1":0,"2":0,"3":0,"4":0,"5":0,"6":0,"7":0,"8":0,"9":0,"10":0},"b":{"0":[0,0],"1":[0,0],"2":[0],"3":[0],"4":[0],"5":[0]}}
,"/Users/sandesh_manasali/Desktop/assignment/pando-contract-app/contract-app-be/src/common/Logger.ts": {"path":"/Users/sandesh_manasali/Desktop/assignment/pando-contract-app/contract-app-be/src/common/Logger.ts","statementMap":{"0":{"start":{"line":3,"column":45},"end":{"line":3,"column":63}},"1":{"start":{"line":4,"column":54},"end":{"line":4,"column":60}},"2":{"start":{"line":12,"column":4},"end":{"line":26,"column":7}},"3":{"start":{"line":20,"column":10},"end":{"line":20,"column":101}},"4":{"start":{"line":9,"column":18},"end":{"line":9,"column":37}},"5":{"start":{"line":7,"column":21},"end":{"line":7,"column":null}}},"fnMap":{"0":{"name":"(anonymous_0)","decl":{"start":{"line":11,"column":2},"end":{"line":11,"column":8}},"loc":{"start":{"line":11,"column":37},"end":{"line":27,"column":3}}},"1":{"name":"(anonymous_1)","decl":{"start":{"line":19,"column":22},"end":{"line":19,"column":23}},"loc":{"start":{"line":19,"column":36},"end":{"line":21,"column":9}}}},"branchMap":{},"s":{"0":4,"1":4,"2":16,"3":13,"4":4,"5":4},"f":{"0":16,"1":13},"b":{}}
,"/Users/sandesh_manasali/Desktop/assignment/pando-contract-app/contract-app-be/src/common/constants.ts": {"path":"/Users/sandesh_manasali/Desktop/assignment/pando-contract-app/contract-app-be/src/common/constants.ts","statementMap":{"0":{"start":{"line":28,"column":13},"end":{"line":28,"column":48}},"1":{"start":{"line":29,"column":13},"end":{"line":29,"column":40}}},"fnMap":{},"branchMap":{},"s":{"0":0,"1":0},"f":{},"b":{}}
,"/Users/sandesh_manasali/Desktop/assignment/pando-contract-app/contract-app-be/src/common/redisManager.ts": {"path":"/Users/sandesh_manasali/Desktop/assignment/pando-contract-app/contract-app-be/src/common/redisManager.ts","statementMap":{"0":{"start":{"line":2,"column":0},"end":{"line":2,"column":37}},"1":{"start":{"line":3,"column":0},"end":{"line":3,"column":33}},"2":{"start":{"line":6,"column":13},"end":{"line":6,"column":48}},"3":{"start":{"line":14,"column":4},"end":{"line":38,"column":5}},"4":{"start":{"line":15,"column":6},"end":{"line":15,"column":75}},"5":{"start":{"line":17,"column":6},"end":{"line":19,"column":9}},"6":{"start":{"line":18,"column":8},"end":{"line":18,"column":60}},"7":{"start":{"line":21,"column":6},"end":{"line":26,"column":9}},"8":{"start":{"line":22,"column":8},"end":{"line":22,"column":49}},"9":{"start":{"line":23,"column":8},"end":{"line":25,"column":9}},"10":{"start":{"line":24,"column":10},"end":{"line":24,"column":47}},"11":{"start":{"line":28,"column":6},"end":{"line":33,"column":9}},"12":{"start":{"line":29,"column":8},"end":{"line":29,"column":67}},"13":{"start":{"line":30,"column":8},"end":{"line":32,"column":9}},"14":{"start":{"line":31,"column":10},"end":{"line":31,"column":47}},"15":{"start":{"line":35,"column":6},"end":{"line":35,"column":35}},"16":{"start":{"line":37,"column":6},"end":{"line":37,"column":65}},"17":{"start":{"line":42,"column":4},"end":{"line":42,"column":37}},"18":{"start":{"line":46,"column":4},"end":{"line":46,"column":44}},"19":{"start":{"line":50,"column":4},"end":{"line":57,"column":5}},"20":{"start":{"line":51,"column":6},"end":{"line":53,"column":7}},"21":{"start":{"line":52,"column":8},"end":{"line":52,"column":65}},"22":{"start":{"line":55,"column":6},"end":{"line":55,"column":74}},"23":{"start":{"line":56,"column":6},"end":{"line":56,"column":91}},"24":{"start":{"line":56,"column":23},"end":{"line":56,"column":59}},"25":{"start":{"line":61,"column":4},"end":{"line":68,"column":5}},"26":{"start":{"line":62,"column":6},"end":{"line":67,"column":7}},"27":{"start":{"line":63,"column":8},"end":{"line":63,"column":53}},"28":{"start":{"line":64,"column":8},"end":{"line":64,"column":37}},"29":{"start":{"line":66,"column":8},"end":{"line":66,"column":60}},"30":{"start":{"line":72,"column":4},"end":{"line":76,"column":5}},"31":{"start":{"line":73,"column":6},"end":{"line":73,"column":57}},"32":{"start":{"line":75,"column":6},"end":{"line":75,"column":77}},"33":{"start":{"line":80,"column":4},"end":{"line":84,"column":5}},"34":{"start":{"line":81,"column":6},"end":{"line":81,"column":56}},"35":{"start":{"line":83,"column":6},"end":{"line":83,"column":77}},"36":{"start":{"line":88,"column":4},"end":{"line":92,"column":5}},"37":{"start":{"line":89,"column":6},"end":{"line":89,"column":49}},"38":{"start":{"line":91,"column":6},"end":{"line":91,"column":77}},"39":{"start":{"line":10,"column":26},"end":{"line":10,"column":49}},"40":{"start":{"line":11,"column":26},"end":{"line":11,"column":43}},"41":{"start":{"line":8,"column":21},"end":{"line":8,"column":null}}},"fnMap":{"0":{"name":"(anonymous_8)","decl":{"start":{"line":13,"column":2},"end":{"line":13,"column":8}},"loc":{"start":{"line":13,"column":31},"end":{"line":39,"column":null}}},"1":{"name":"(anonymous_10)","decl":{"start":{"line":17,"column":57},"end":{"line":17,"column":60}},"loc":{"start":{"line":17,"column":62},"end":{"line":19,"column":7}}},"2":{"name":"(anonymous_11)","decl":{"start":{"line":21,"column":55},"end":{"line":21,"column":56}},"loc":{"start":{"line":21,"column":63},"end":{"line":26,"column":7}}},"3":{"name":"(anonymous_12)","decl":{"start":{"line":28,"column":53},"end":{"line":28,"column":56}},"loc":{"start":{"line":28,"column":58},"end":{"line":33,"column":7}}},"4":{"name":"(anonymous_13)","decl":{"start":{"line":41,"column":2},"end":{"line":41,"column":8}},"loc":{"start":{"line":41,"column":24},"end":{"line":43,"column":3}}},"5":{"name":"(anonymous_14)","decl":{"start":{"line":45,"column":2},"end":{"line":45,"column":8}},"loc":{"start":{"line":45,"column":25},"end":{"line":47,"column":3}}},"6":{"name":"(anonymous_15)","decl":{"start":{"line":49,"column":2},"end":{"line":49,"column":8}},"loc":{"start":{"line":49,"column":22},"end":{"line":58,"column":null}}},"7":{"name":"(anonymous_17)","decl":{"start":{"line":56,"column":17},"end":{"line":56,"column":20}},"loc":{"start":{"line":56,"column":23},"end":{"line":56,"column":59}}},"8":{"name":"(anonymous_18)","decl":{"start":{"line":60,"column":2},"end":{"line":60,"column":8}},"loc":{"start":{"line":60,"column":56},"end":{"line":69,"column":null}}},"9":{"name":"(anonymous_20)","decl":{"start":{"line":71,"column":2},"end":{"line":71,"column":8}},"loc":{"start":{"line":71,"column":51},"end":{"line":77,"column":null}}},"10":{"name":"(anonymous_22)","decl":{"start":{"line":79,"column":2},"end":{"line":79,"column":8}},"loc":{"start":{"line":79,"column":39},"end":{"line":85,"column":null}}},"11":{"name":"(anonymous_24)","decl":{"start":{"line":87,"column":2},"end":{"line":87,"column":8}},"loc":{"start":{"line":87,"column":38},"end":{"line":93,"column":null}}}},"branchMap":{"0":{"loc":{"start":{"line":23,"column":8},"end":{"line":25,"column":9}},"type":"if","locations":[{"start":{"line":23,"column":8},"end":{"line":25,"column":9}}]},"1":{"loc":{"start":{"line":30,"column":8},"end":{"line":32,"column":9}},"type":"if","locations":[{"start":{"line":30,"column":8},"end":{"line":32,"column":9}}]},"2":{"loc":{"start":{"line":51,"column":6},"end":{"line":53,"column":7}},"type":"if","locations":[{"start":{"line":51,"column":6},"end":{"line":53,"column":7}}]},"3":{"loc":{"start":{"line":61,"column":4},"end":{"line":68,"column":5}},"type":"if","locations":[{"start":{"line":61,"column":4},"end":{"line":68,"column":5}}]}},"s":{"0":2,"1":2,"2":2,"3":0,"4":0,"5":0,"6":0,"7":0,"8":0,"9":0,"10":0,"11":0,"12":0,"13":0,"14":0,"15":0,"16":0,"17":0,"18":0,"19":0,"20":0,"21":0,"22":0,"23":0,"24":0,"25":0,"26":0,"27":0,"28":0,"29":0,"30":0,"31":0,"32":0,"33":0,"34":0,"35":0,"36":0,"37":0,"38":0,"39":2,"40":2,"41":2},"f":{"0":0,"1":0,"2":0,"3":0,"4":0,"5":0,"6":0,"7":0,"8":0,"9":0,"10":0,"11":0},"b":{"0":[0],"1":[0],"2":[0],"3":[0]}}
,"/Users/sandesh_manasali/Desktop/assignment/pando-contract-app/contract-app-be/src/common/upload-csv-file.ts": {"path":"/Users/sandesh_manasali/Desktop/assignment/pando-contract-app/contract-app-be/src/common/upload-csv-file.ts","statementMap":{"0":{"start":{"line":1,"column":0},"end":{"line":1,"column":20}},"1":{"start":{"line":2,"column":0},"end":{"line":2,"column":28}},"2":{"start":{"line":3,"column":0},"end":{"line":3,"column":29}},"3":{"start":{"line":4,"column":0},"end":{"line":4,"column":42}},"4":{"start":{"line":5,"column":0},"end":{"line":5,"column":42}},"5":{"start":{"line":7,"column":0},"end":{"line":7,"column":28}},"6":{"start":{"line":8,"column":0},"end":{"line":8,"column":33}},"7":{"start":{"line":11,"column":0},"end":{"line":11,"column":16}},"8":{"start":{"line":22,"column":2},"end":{"line":22,"column":51}},"9":{"start":{"line":23,"column":2},"end":{"line":23,"column":19}},"10":{"start":{"line":24,"column":2},"end":{"line":24,"column":24}},"11":{"start":{"line":25,"column":2},"end":{"line":25,"column":17}},"12":{"start":{"line":26,"column":2},"end":{"line":26,"column":36}},"13":{"start":{"line":27,"column":2},"end":{"line":27,"column":24}},"14":{"start":{"line":28,"column":2},"end":{"line":28,"column":27}},"15":{"start":{"line":101,"column":10},"end":{"line":103,"column":4}},"16":{"start":{"line":102,"column":4},"end":{"line":102,"column":54}},"17":{"start":{"line":32,"column":4},"end":{"line":32,"column":31}},"18":{"start":{"line":36,"column":4},"end":{"line":36,"column":32}},"19":{"start":{"line":37,"column":4},"end":{"line":55,"column":7}},"20":{"start":{"line":38,"column":6},"end":{"line":54,"column":11}},"21":{"start":{"line":41,"column":10},"end":{"line":45,"column":11}},"22":{"start":{"line":42,"column":12},"end":{"line":42,"column":39}},"23":{"start":{"line":44,"column":12},"end":{"line":44,"column":24}},"24":{"start":{"line":47,"column":25},"end":{"line":47,"column":66}},"25":{"start":{"line":49,"column":10},"end":{"line":52,"column":12}},"26":{"start":{"line":53,"column":10},"end":{"line":53,"column":24}},"27":{"start":{"line":59,"column":4},"end":{"line":61,"column":5}},"28":{"start":{"line":60,"column":6},"end":{"line":60,"column":13}},"29":{"start":{"line":62,"column":4},"end":{"line":62,"column":44}},"30":{"start":{"line":63,"column":4},"end":{"line":63,"column":22}},"31":{"start":{"line":64,"column":4},"end":{"line":64,"column":29}},"32":{"start":{"line":66,"column":4},"end":{"line":68,"column":5}},"33":{"start":{"line":67,"column":6},"end":{"line":67,"column":29}},"34":{"start":{"line":75,"column":4},"end":{"line":98,"column":5}},"35":{"start":{"line":76,"column":6},"end":{"line":78,"column":7}},"36":{"start":{"line":77,"column":8},"end":{"line":77,"column":31}},"37":{"start":{"line":80,"column":6},"end":{"line":80,"column":43}},"38":{"start":{"line":82,"column":24},"end":{"line":82,"column":53}},"39":{"start":{"line":83,"column":20},"end":{"line":83,"column":50}},"40":{"start":{"line":84,"column":6},"end":{"line":84,"column":40}},"41":{"start":{"line":86,"column":6},"end":{"line":87,"column":89}},"42":{"start":{"line":88,"column":6},"end":{"line":88,"column":59}},"43":{"start":{"line":90,"column":6},"end":{"line":90,"column":61}},"44":{"start":{"line":91,"column":6},"end":{"line":97,"column":9}},"45":{"start":{"line":106,"column":16},"end":{"line":106,"column":65}},"46":{"start":{"line":107,"column":4},"end":{"line":107,"column":28}},"47":{"start":{"line":108,"column":4},"end":{"line":110,"column":7}},"48":{"start":{"line":111,"column":4},"end":{"line":111,"column":53}},"49":{"start":{"line":112,"column":4},"end":{"line":112,"column":24}},"50":{"start":{"line":116,"column":4},"end":{"line":129,"column":5}},"51":{"start":{"line":117,"column":6},"end":{"line":119,"column":8}},"52":{"start":{"line":118,"column":35},"end":{"line":118,"column":64}},"53":{"start":{"line":120,"column":6},"end":{"line":124,"column":8}},"54":{"start":{"line":122,"column":10},"end":{"line":122,"column":70}},"55":{"start":{"line":125,"column":6},"end":{"line":125,"column":67}},"56":{"start":{"line":127,"column":6},"end":{"line":127,"column":75}},"57":{"start":{"line":128,"column":6},"end":{"line":128,"column":54}},"58":{"start":{"line":133,"column":21},"end":{"line":133,"column":39}},"59":{"start":{"line":133,"column":49},"end":{"line":133,"column":50}},"60":{"start":{"line":133,"column":59},"end":{"line":133,"column":75}},"61":{"start":{"line":134,"column":4},"end":{"line":158,"column":5}},"62":{"start":{"line":136,"column":24},"end":{"line":137,"column":null}},"63":{"start":{"line":137,"column":28},"end":{"line":137,"column":58}},"64":{"start":{"line":140,"column":6},"end":{"line":144,"column":9}},"65":{"start":{"line":141,"column":8},"end":{"line":143,"column":10}},"66":{"start":{"line":145,"column":31},"end":{"line":149,"column":8}},"67":{"start":{"line":146,"column":8},"end":{"line":148,"column":10}},"68":{"start":{"line":151,"column":6},"end":{"line":153,"column":7}},"69":{"start":{"line":152,"column":8},"end":{"line":152,"column":18}},"70":{"start":{"line":155,"column":6},"end":{"line":155,"column":14}},"71":{"start":{"line":156,"column":6},"end":{"line":156,"column":77}},"72":{"start":{"line":157,"column":6},"end":{"line":157,"column":29}},"73":{"start":{"line":159,"column":4},"end":{"line":159,"column":90}},"74":{"start":{"line":160,"column":4},"end":{"line":160,"column":16}},"75":{"start":{"line":164,"column":4},"end":{"line":194,"column":5}},"76":{"start":{"line":165,"column":20},"end":{"line":168,"column":null}},"77":{"start":{"line":167,"column":10},"end":{"line":167,"column":71}},"78":{"start":{"line":171,"column":6},"end":{"line":185,"column":8}},"79":{"start":{"line":173,"column":20},"end":{"line":173,"column":36}},"80":{"start":{"line":175,"column":10},"end":{"line":182,"column":28}},"81":{"start":{"line":187,"column":6},"end":{"line":187,"column":63}},"82":{"start":{"line":188,"column":6},"end":{"line":193,"column":8}},"83":{"start":{"line":198,"column":4},"end":{"line":203,"column":7}},"84":{"start":{"line":199,"column":6},"end":{"line":202,"column":7}},"85":{"start":{"line":199,"column":15},"end":{"line":199,"column":76}},"86":{"start":{"line":201,"column":8},"end":{"line":201,"column":69}},"87":{"start":{"line":207,"column":4},"end":{"line":207,"column":61}},"88":{"start":{"line":207,"column":36},"end":{"line":207,"column":59}},"89":{"start":{"line":21,"column":0},"end":{"line":21,"column":21}}},"fnMap":{"0":{"name":"(anonymous_8)","decl":{"start":{"line":31,"column":2},"end":{"line":31,"column":14}},"loc":{"start":{"line":31,"column":31},"end":{"line":33,"column":3}}},"1":{"name":"(anonymous_9)","decl":{"start":{"line":101,"column":32},"end":{"line":101,"column":33}},"loc":{"start":{"line":101,"column":55},"end":{"line":103,"column":3}}},"2":{"name":"(anonymous_10)","decl":{"start":{"line":35,"column":2},"end":{"line":35,"column":16}},"loc":{"start":{"line":35,"column":33},"end":{"line":56,"column":3}}},"3":{"name":"(anonymous_11)","decl":{"start":{"line":37,"column":23},"end":{"line":37,"column":24}},"loc":{"start":{"line":37,"column":43},"end":{"line":55,"column":5}}},"4":{"name":"(anonymous_12)","decl":{"start":{"line":40,"column":20},"end":{"line":40,"column":21}},"loc":{"start":{"line":40,"column":28},"end":{"line":46,"column":9}}},"5":{"name":"(anonymous_13)","decl":{"start":{"line":47,"column":19},"end":{"line":47,"column":22}},"loc":{"start":{"line":47,"column":25},"end":{"line":47,"column":66}}},"6":{"name":"(anonymous_14)","decl":{"start":{"line":48,"column":21},"end":{"line":48,"column":22}},"loc":{"start":{"line":48,"column":31},"end":{"line":54,"column":9}}},"7":{"name":"(anonymous_15)","decl":{"start":{"line":58,"column":10},"end":{"line":58,"column":26}},"loc":{"start":{"line":58,"column":35},"end":{"line":69,"column":3}}},"8":{"name":"(anonymous_16)","decl":{"start":{"line":71,"column":16},"end":{"line":71,"column":35}},"loc":{"start":{"line":73,"column":35},"end":{"line":99,"column":null}}},"9":{"name":"(anonymous_18)","decl":{"start":{"line":105,"column":10},"end":{"line":105,"column":25}},"loc":{"start":{"line":105,"column":25},"end":{"line":113,"column":3}}},"10":{"name":"(anonymous_19)","decl":{"start":{"line":115,"column":16},"end":{"line":115,"column":36}},"loc":{"start":{"line":115,"column":36},"end":{"line":130,"column":null}}},"11":{"name":"(anonymous_21)","decl":{"start":{"line":118,"column":24},"end":{"line":118,"column":25}},"loc":{"start":{"line":118,"column":35},"end":{"line":118,"column":64}}},"12":{"name":"(anonymous_22)","decl":{"start":{"line":121,"column":24},"end":{"line":121,"column":25}},"loc":{"start":{"line":122,"column":10},"end":{"line":122,"column":70}}},"13":{"name":"(anonymous_23)","decl":{"start":{"line":132,"column":16},"end":{"line":132,"column":32}},"loc":{"start":{"line":132,"column":32},"end":{"line":161,"column":null}}},"14":{"name":"(anonymous_25)","decl":{"start":{"line":137,"column":17},"end":{"line":137,"column":18}},"loc":{"start":{"line":137,"column":28},"end":{"line":137,"column":58}}},"15":{"name":"(anonymous_26)","decl":{"start":{"line":140,"column":25},"end":{"line":140,"column":26}},"loc":{"start":{"line":140,"column":40},"end":{"line":144,"column":7}}},"16":{"name":"(anonymous_27)","decl":{"start":{"line":145,"column":49},"end":{"line":145,"column":50}},"loc":{"start":{"line":145,"column":60},"end":{"line":149,"column":7}}},"17":{"name":"(anonymous_28)","decl":{"start":{"line":163,"column":16},"end":{"line":163,"column":33}},"loc":{"start":{"line":163,"column":33},"end":{"line":195,"column":null}}},"18":{"name":"(anonymous_30)","decl":{"start":{"line":166,"column":24},"end":{"line":166,"column":25}},"loc":{"start":{"line":167,"column":10},"end":{"line":167,"column":71}}},"19":{"name":"(anonymous_31)","decl":{"start":{"line":172,"column":8},"end":{"line":172,"column":9}},"loc":{"start":{"line":172,"column":25},"end":{"line":183,"column":9}}},"20":{"name":"(anonymous_32)","decl":{"start":{"line":197,"column":10},"end":{"line":197,"column":23}},"loc":{"start":{"line":197,"column":40},"end":{"line":204,"column":3}}},"21":{"name":"(anonymous_33)","decl":{"start":{"line":198,"column":24},"end":{"line":198,"column":25}},"loc":{"start":{"line":198,"column":32},"end":{"line":203,"column":5}}},"22":{"name":"(anonymous_34)","decl":{"start":{"line":206,"column":10},"end":{"line":206,"column":15}},"loc":{"start":{"line":206,"column":26},"end":{"line":208,"column":3}}},"23":{"name":"(anonymous_35)","decl":{"start":{"line":207,"column":23},"end":{"line":207,"column":24}},"loc":{"start":{"line":207,"column":36},"end":{"line":207,"column":59}}}},"branchMap":{"0":{"loc":{"start":{"line":101,"column":33},"end":{"line":101,"column":43}},"type":"default-arg","locations":[{"start":{"line":101,"column":42},"end":{"line":101,"column":43}}]},"1":{"loc":{"start":{"line":59,"column":4},"end":{"line":61,"column":5}},"type":"if","locations":[{"start":{"line":59,"column":4},"end":{"line":61,"column":5}}]},"2":{"loc":{"start":{"line":66,"column":4},"end":{"line":68,"column":5}},"type":"if","locations":[{"start":{"line":66,"column":4},"end":{"line":68,"column":5}}]},"3":{"loc":{"start":{"line":76,"column":6},"end":{"line":78,"column":7}},"type":"if","locations":[{"start":{"line":76,"column":6},"end":{"line":78,"column":7}}]},"4":{"loc":{"start":{"line":86,"column":35},"end":{"line":86,"column":51}},"type":"cond-expr","locations":[{"start":{"line":86,"column":42},"end":{"line":86,"column":44}},{"start":{"line":86,"column":35},"end":{"line":86,"column":51}}]},"5":{"loc":{"start":{"line":86,"column":35},"end":{"line":86,"column":44}},"type":"binary-expr","locations":[{"start":{"line":86,"column":35},"end":{"line":86,"column":44}},{"start":{"line":86,"column":35},"end":{"line":86,"column":44}}]},"6":{"loc":{"start":{"line":86,"column":64},"end":{"line":86,"column":79}},"type":"cond-expr","locations":[{"start":{"line":86,"column":71},"end":{"line":86,"column":73}},{"start":{"line":86,"column":64},"end":{"line":86,"column":79}}]},"7":{"loc":{"start":{"line":86,"column":64},"end":{"line":86,"column":73}},"type":"binary-expr","locations":[{"start":{"line":86,"column":64},"end":{"line":86,"column":73}},{"start":{"line":86,"column":64},"end":{"line":86,"column":73}}]},"8":{"loc":{"start":{"line":86,"column":94},"end":{"line":86,"column":119}},"type":"cond-expr","locations":[{"start":{"line":86,"column":101},"end":{"line":86,"column":103}},{"start":{"line":86,"column":94},"end":{"line":86,"column":119}}]},"9":{"loc":{"start":{"line":86,"column":94},"end":{"line":86,"column":103}},"type":"binary-expr","locations":[{"start":{"line":86,"column":94},"end":{"line":86,"column":103}},{"start":{"line":86,"column":94},"end":{"line":86,"column":103}}]},"10":{"loc":{"start":{"line":87,"column":26},"end":{"line":87,"column":52}},"type":"cond-expr","locations":[{"start":{"line":87,"column":33},"end":{"line":87,"column":35}},{"start":{"line":87,"column":26},"end":{"line":87,"column":52}}]},"11":{"loc":{"start":{"line":87,"column":26},"end":{"line":87,"column":35}},"type":"binary-expr","locations":[{"start":{"line":87,"column":26},"end":{"line":87,"column":35}},{"start":{"line":87,"column":26},"end":{"line":87,"column":35}}]},"12":{"loc":{"start":{"line":147,"column":10},"end":{"line":147,"column":77}},"type":"binary-expr","locations":[{"start":{"line":147,"column":10},"end":{"line":147,"column":43}},{"start":{"line":147,"column":47},"end":{"line":147,"column":77}}]},"13":{"loc":{"start":{"line":151,"column":6},"end":{"line":153,"column":7}},"type":"if","locations":[{"start":{"line":151,"column":6},"end":{"line":153,"column":7}}]},"14":{"loc":{"start":{"line":175,"column":17},"end":{"line":182,"column":27}},"type":"cond-expr","locations":[{"start":{"line":176,"column":14},"end":{"line":181,"column":null}},{"start":{"line":182,"column":13},"end":{"line":182,"column":27}}]},"15":{"loc":{"start":{"line":199,"column":6},"end":{"line":202,"column":7}},"type":"if","locations":[{"start":{"line":199,"column":6},"end":{"line":202,"column":7}},{"start":{"line":200,"column":11},"end":{"line":202,"column":7}}]}},"s":{"0":2,"1":2,"2":2,"3":2,"4":2,"5":2,"6":2,"7":2,"8":13,"9":13,"10":13,"11":13,"12":13,"13":13,"14":13,"15":13,"16":0,"17":13,"18":1,"19":1,"20":1,"21":1,"22":1,"23":0,"24":1,"25":1,"26":1,"27":2,"28":0,"29":2,"30":2,"31":2,"32":2,"33":1,"34":1,"35":1,"36":0,"37":1,"38":1,"39":1,"40":1,"41":1,"42":1,"43":0,"44":0,"45":1,"46":1,"47":1,"48":1,"49":1,"50":3,"51":3,"52":2,"53":2,"54":1,"55":2,"56":1,"57":1,"58":4,"59":4,"60":4,"61":4,"62":5,"63":4,"64":5,"65":4,"66":5,"67":4,"68":5,"69":3,"70":2,"71":2,"72":2,"73":1,"74":1,"75":3,"76":3,"77":4,"78":2,"79":2,"80":2,"81":1,"82":1,"83":3,"84":2,"85":1,"86":1,"87":1,"88":1,"89":2},"f":{"0":13,"1":0,"2":1,"3":1,"4":1,"5":1,"6":1,"7":2,"8":1,"9":1,"10":3,"11":2,"12":1,"13":4,"14":4,"15":4,"16":4,"17":3,"18":4,"19":2,"20":3,"21":2,"22":1,"23":1},"b":{"0":[0],"1":[0],"2":[1],"3":[0],"4":[0,1],"5":[1,1],"6":[0,1],"7":[1,1],"8":[0,1],"9":[1,1],"10":[0,1],"11":[1,1],"12":[4,3],"13":[3],"14":[2,0],"15":[1,1]}}
,"/Users/sandesh_manasali/Desktop/assignment/pando-contract-app/contract-app-be/src/controllers/Contracts.ts": {"path":"/Users/sandesh_manasali/Desktop/assignment/pando-contract-app/contract-app-be/src/controllers/Contracts.ts","statementMap":{"0":{"start":{"line":1,"column":0},"end":{"line":1,"column":28}},"1":{"start":{"line":2,"column":0},"end":{"line":2,"column":41}},"2":{"start":{"line":3,"column":0},"end":{"line":3,"column":57}},"3":{"start":{"line":5,"column":17},"end":{"line":5,"column":46}},"4":{"start":{"line":7,"column":13},"end":{"line":7,"column":55}},"5":{"start":{"line":9,"column":42},"end":{"line":20,"column":2}},"6":{"start":{"line":9,"column":82},"end":{"line":20,"column":2}},"7":{"start":{"line":10,"column":18},"end":{"line":10,"column":55}},"8":{"start":{"line":11,"column":2},"end":{"line":19,"column":3}},"9":{"start":{"line":12,"column":27},"end":{"line":12,"column":58}},"10":{"start":{"line":13,"column":18},"end":{"line":13,"column":70}},"11":{"start":{"line":14,"column":4},"end":{"line":14,"column":56}},"12":{"start":{"line":15,"column":4},"end":{"line":15,"column":34}},"13":{"start":{"line":17,"column":4},"end":{"line":17,"column":61}},"14":{"start":{"line":18,"column":4},"end":{"line":18,"column":72}},"15":{"start":{"line":9,"column":13},"end":{"line":9,"column":42}},"16":{"start":{"line":22,"column":30},"end":{"line":55,"column":2}},"17":{"start":{"line":22,"column":59},"end":{"line":55,"column":2}},"18":{"start":{"line":23,"column":2},"end":{"line":54,"column":3}},"19":{"start":{"line":24,"column":19},"end":{"line":24,"column":41}},"20":{"start":{"line":26,"column":25},"end":{"line":42,"column":6}},"21":{"start":{"line":44,"column":4},"end":{"line":50,"column":5}},"22":{"start":{"line":45,"column":21},"end":{"line":45,"column":42}},"23":{"start":{"line":46,"column":6},"end":{"line":46,"column":69}},"24":{"start":{"line":47,"column":6},"end":{"line":47,"column":37}},"25":{"start":{"line":49,"column":6},"end":{"line":49,"column":49}},"26":{"start":{"line":52,"column":4},"end":{"line":52,"column":67}},"27":{"start":{"line":53,"column":4},"end":{"line":53,"column":88}},"28":{"start":{"line":22,"column":13},"end":{"line":22,"column":30}},"29":{"start":{"line":57,"column":31},"end":{"line":65,"column":2}},"30":{"start":{"line":57,"column":60},"end":{"line":65,"column":2}},"31":{"start":{"line":58,"column":2},"end":{"line":64,"column":3}},"32":{"start":{"line":59,"column":20},"end":{"line":59,"column":53}},"33":{"start":{"line":60,"column":4},"end":{"line":60,"column":36}},"34":{"start":{"line":62,"column":4},"end":{"line":62,"column":64}},"35":{"start":{"line":63,"column":4},"end":{"line":63,"column":80}},"36":{"start":{"line":57,"column":13},"end":{"line":57,"column":31}},"37":{"start":{"line":67,"column":41},"end":{"line":75,"column":2}},"38":{"start":{"line":67,"column":70},"end":{"line":75,"column":2}},"39":{"start":{"line":68,"column":2},"end":{"line":74,"column":3}},"40":{"start":{"line":69,"column":16},"end":{"line":69,"column":47}},"41":{"start":{"line":70,"column":4},"end":{"line":70,"column":32}},"42":{"start":{"line":72,"column":4},"end":{"line":72,"column":64}},"43":{"start":{"line":73,"column":4},"end":{"line":73,"column":85}},"44":{"start":{"line":67,"column":13},"end":{"line":67,"column":41}},"45":{"start":{"line":78,"column":36},"end":{"line":97,"column":2}},"46":{"start":{"line":78,"column":65},"end":{"line":97,"column":2}},"47":{"start":{"line":79,"column":2},"end":{"line":96,"column":3}},"48":{"start":{"line":80,"column":15},"end":{"line":80,"column":30}},"49":{"start":{"line":81,"column":17},"end":{"line":81,"column":34}},"50":{"start":{"line":82,"column":20},"end":{"line":82,"column":39}},"51":{"start":{"line":84,"column":16},"end":{"line":84,"column":47}},"52":{"start":{"line":85,"column":4},"end":{"line":89,"column":5}},"53":{"start":{"line":86,"column":6},"end":{"line":86,"column":67}},"54":{"start":{"line":87,"column":6},"end":{"line":87,"column":31}},"55":{"start":{"line":88,"column":6},"end":{"line":88,"column":13}},"56":{"start":{"line":91,"column":20},"end":{"line":91,"column":71}},"57":{"start":{"line":92,"column":4},"end":{"line":92,"column":36}},"58":{"start":{"line":94,"column":4},"end":{"line":94,"column":62}},"59":{"start":{"line":95,"column":4},"end":{"line":95,"column":82}},"60":{"start":{"line":78,"column":13},"end":{"line":78,"column":36}}},"fnMap":{"0":{"name":"(anonymous_8)","decl":{"start":{"line":9,"column":42},"end":{"line":9,"column":49}},"loc":{"start":{"line":9,"column":82},"end":{"line":20,"column":2}}},"1":{"name":"(anonymous_9)","decl":{"start":{"line":9,"column":82},"end":{"line":9,"column":null}},"loc":{"start":{"line":9,"column":82},"end":{"line":20,"column":1}}},"2":{"name":"(anonymous_10)","decl":{"start":{"line":22,"column":30},"end":{"line":22,"column":37}},"loc":{"start":{"line":22,"column":59},"end":{"line":55,"column":2}}},"3":{"name":"(anonymous_11)","decl":{"start":{"line":22,"column":59},"end":{"line":22,"column":null}},"loc":{"start":{"line":22,"column":59},"end":{"line":55,"column":1}}},"4":{"name":"(anonymous_12)","decl":{"start":{"line":57,"column":31},"end":{"line":57,"column":38}},"loc":{"start":{"line":57,"column":60},"end":{"line":65,"column":2}}},"5":{"name":"(anonymous_13)","decl":{"start":{"line":57,"column":60},"end":{"line":57,"column":null}},"loc":{"start":{"line":57,"column":60},"end":{"line":65,"column":1}}},"6":{"name":"(anonymous_14)","decl":{"start":{"line":67,"column":41},"end":{"line":67,"column":48}},"loc":{"start":{"line":67,"column":70},"end":{"line":75,"column":2}}},"7":{"name":"(anonymous_15)","decl":{"start":{"line":67,"column":70},"end":{"line":67,"column":null}},"loc":{"start":{"line":67,"column":70},"end":{"line":75,"column":1}}},"8":{"name":"(anonymous_16)","decl":{"start":{"line":78,"column":36},"end":{"line":78,"column":43}},"loc":{"start":{"line":78,"column":65},"end":{"line":97,"column":2}}},"9":{"name":"(anonymous_17)","decl":{"start":{"line":78,"column":65},"end":{"line":78,"column":null}},"loc":{"start":{"line":78,"column":65},"end":{"line":97,"column":1}}}},"branchMap":{"0":{"loc":{"start":{"line":44,"column":4},"end":{"line":50,"column":5}},"type":"if","locations":[{"start":{"line":44,"column":4},"end":{"line":50,"column":5}},{"start":{"line":48,"column":11},"end":{"line":50,"column":5}}]},"1":{"loc":{"start":{"line":85,"column":4},"end":{"line":89,"column":5}},"type":"if","locations":[{"start":{"line":85,"column":4},"end":{"line":89,"column":5}}]},"2":{"loc":{"start":{"line":85,"column":8},"end":{"line":85,"column":52}},"type":"binary-expr","locations":[{"start":{"line":85,"column":8},"end":{"line":85,"column":30}},{"start":{"line":85,"column":34},"end":{"line":85,"column":52}}]}},"s":{"0":1,"1":1,"2":1,"3":1,"4":1,"5":1,"6":2,"7":2,"8":2,"9":2,"10":2,"11":1,"12":1,"13":1,"14":1,"15":1,"16":1,"17":0,"18":0,"19":0,"20":0,"21":0,"22":0,"23":0,"24":0,"25":0,"26":0,"27":0,"28":1,"29":1,"30":0,"31":0,"32":0,"33":0,"34":0,"35":0,"36":1,"37":1,"38":0,"39":0,"40":0,"41":0,"42":0,"43":0,"44":1,"45":1,"46":0,"47":0,"48":0,"49":0,"50":0,"51":0,"52":0,"53":0,"54":0,"55":0,"56":0,"57":0,"58":0,"59":0,"60":1},"f":{"0":2,"1":2,"2":0,"3":0,"4":0,"5":0,"6":0,"7":0,"8":0,"9":0},"b":{"0":[0,0],"1":[0],"2":[0,0]}}
,"/Users/sandesh_manasali/Desktop/assignment/pando-contract-app/contract-app-be/src/controllers/RateLimiter.ts": {"path":"/Users/sandesh_manasali/Desktop/assignment/pando-contract-app/contract-app-be/src/controllers/RateLimiter.ts","statementMap":{"0":{"start":{"line":2,"column":0},"end":{"line":2,"column":50}},"1":{"start":{"line":3,"column":0},"end":{"line":3,"column":57}},"2":{"start":{"line":11,"column":4},"end":{"line":16,"column":7}},"3":{"start":{"line":21,"column":14},"end":{"line":21,"column":29}},"4":{"start":{"line":21,"column":36},"end":{"line":21,"column":94}},"5":{"start":{"line":23,"column":4},"end":{"line":36,"column":5}},"6":{"start":{"line":24,"column":18},"end":{"line":24,"column":32}},"7":{"start":{"line":26,"column":6},"end":{"line":33,"column":7}},"8":{"start":{"line":27,"column":8},"end":{"line":27,"column":51}},"9":{"start":{"line":28,"column":8},"end":{"line":28,"column":15}},"10":{"start":{"line":30,"column":8},"end":{"line":32,"column":11}},"11":{"start":{"line":35,"column":6},"end":{"line":35,"column":13}},"12":{"start":{"line":5,"column":0},"end":{"line":5,"column":13}}},"fnMap":{"0":{"name":"(anonymous_8)","decl":{"start":{"line":8,"column":2},"end":{"line":8,"column":18}},"loc":{"start":{"line":8,"column":2},"end":{"line":8,"column":19}}},"1":{"name":"(anonymous_9)","decl":{"start":{"line":10,"column":2},"end":{"line":10,"column":8}},"loc":{"start":{"line":10,"column":13},"end":{"line":17,"column":3}}},"2":{"name":"(anonymous_10)","decl":{"start":{"line":20,"column":2},"end":{"line":20,"column":8}},"loc":{"start":{"line":20,"column":66},"end":{"line":37,"column":null}}}},"branchMap":{"0":{"loc":{"start":{"line":21,"column":36},"end":{"line":21,"column":94}},"type":"binary-expr","locations":[{"start":{"line":21,"column":36},"end":{"line":21,"column":66}},{"start":{"line":21,"column":70},"end":{"line":21,"column":94}}]},"1":{"loc":{"start":{"line":23,"column":4},"end":{"line":36,"column":5}},"type":"if","locations":[{"start":{"line":23,"column":4},"end":{"line":36,"column":5}},{"start":{"line":34,"column":11},"end":{"line":36,"column":5}}]}},"s":{"0":0,"1":0,"2":0,"3":0,"4":0,"5":0,"6":0,"7":0,"8":0,"9":0,"10":0,"11":0,"12":0},"f":{"0":0,"1":0,"2":0},"b":{"0":[0,0],"1":[0,0]}}
,"/Users/sandesh_manasali/Desktop/assignment/pando-contract-app/contract-app-be/src/models/Contract.ts": {"path":"/Users/sandesh_manasali/Desktop/assignment/pando-contract-app/contract-app-be/src/models/Contract.ts","statementMap":{"0":{"start":{"line":1,"column":0},"end":{"line":1,"column":32}},"1":{"start":{"line":3,"column":24},"end":{"line":35,"column":2}},"2":{"start":{"line":37,"column":0},"end":{"line":40,"column":2}},"3":{"start":{"line":38,"column":16},"end":{"line":38,"column":26}},"4":{"start":{"line":39,"column":2},"end":{"line":39,"column":58}},"5":{"start":{"line":42,"column":0},"end":{"line":54,"column":3}},"6":{"start":{"line":43,"column":16},"end":{"line":43,"column":26}},"7":{"start":{"line":44,"column":20},"end":{"line":44,"column":44}},"8":{"start":{"line":45,"column":18},"end":{"line":45,"column":40}},"9":{"start":{"line":46,"column":2},"end":{"line":52,"column":3}},"10":{"start":{"line":47,"column":4},"end":{"line":47,"column":43}},"11":{"start":{"line":48,"column":9},"end":{"line":52,"column":3}},"12":{"start":{"line":49,"column":4},"end":{"line":49,"column":42}},"13":{"start":{"line":51,"column":4},"end":{"line":51,"column":43}},"14":{"start":{"line":53,"column":2},"end":{"line":53,"column":9}},"15":{"start":{"line":56,"column":0},"end":{"line":62,"column":3}},"16":{"start":{"line":64,"column":0},"end":{"line":64,"column":61}}},"fnMap":{"0":{"name":"(anonymous_1)","decl":{"start":{"line":37,"column":42},"end":{"line":37,"column":null}},"loc":{"start":{"line":37,"column":42},"end":{"line":40,"column":1}}},"1":{"name":"(anonymous_2)","decl":{"start":{"line":42,"column":28},"end":{"line":42,"column":38}},"loc":{"start":{"line":42,"column":42},"end":{"line":54,"column":1}}}},"branchMap":{"0":{"loc":{"start":{"line":39,"column":9},"end":{"line":39,"column":57}},"type":"binary-expr","locations":[{"start":{"line":39,"column":9},"end":{"line":39,"column":32}},{"start":{"line":39,"column":36},"end":{"line":39,"column":57}}]},"1":{"loc":{"start":{"line":46,"column":2},"end":{"line":52,"column":3}},"type":"if","locations":[{"start":{"line":46,"column":2},"end":{"line":52,"column":3}},{"start":{"line":48,"column":9},"end":{"line":52,"column":3}}]},"2":{"loc":{"start":{"line":46,"column":6},"end":{"line":46,"column":44}},"type":"binary-expr","locations":[{"start":{"line":46,"column":6},"end":{"line":46,"column":24}},{"start":{"line":46,"column":28},"end":{"line":46,"column":44}}]},"3":{"loc":{"start":{"line":48,"column":9},"end":{"line":52,"column":3}},"type":"if","locations":[{"start":{"line":48,"column":9},"end":{"line":52,"column":3}},{"start":{"line":50,"column":9},"end":{"line":52,"column":3}}]}},"s":{"0":1,"1":1,"2":1,"3":0,"4":0,"5":1,"6":0,"7":0,"8":0,"9":0,"10":0,"11":0,"12":0,"13":0,"14":0,"15":1,"16":1},"f":{"0":0,"1":0},"b":{"0":[0,0],"1":[0,0],"2":[0,0],"3":[0,0]}}
,"/Users/sandesh_manasali/Desktop/assignment/pando-contract-app/contract-app-be/src/routers/ContractApiRouter.ts": {"path":"/Users/sandesh_manasali/Desktop/assignment/pando-contract-app/contract-app-be/src/routers/ContractApiRouter.ts","statementMap":{"0":{"start":{"line":1,"column":0},"end":{"line":1,"column":42}},"1":{"start":{"line":2,"column":0},"end":{"line":2,"column":92}},"2":{"start":{"line":3,"column":0},"end":{"line":3,"column":152}},"3":{"start":{"line":4,"column":0},"end":{"line":4,"column":40}},"4":{"start":{"line":5,"column":0},"end":{"line":5,"column":20}},"5":{"start":{"line":6,"column":0},"end":{"line":6,"column":41}},"6":{"start":{"line":8,"column":13},"end":{"line":8,"column":55}},"7":{"start":{"line":15,"column":4},"end":{"line":15,"column":51}},"8":{"start":{"line":16,"column":4},"end":{"line":19,"column":7}},"9":{"start":{"line":25,"column":4},"end":{"line":25,"column":null}},"10":{"start":{"line":28,"column":4},"end":{"line":28,"column":84}},"11":{"start":{"line":31,"column":4},"end":{"line":31,"column":82}},"12":{"start":{"line":34,"column":4},"end":{"line":34,"column":98}},"13":{"start":{"line":37,"column":4},"end":{"line":37,"column":97}},"14":{"start":{"line":39,"column":4},"end":{"line":39,"column":34}},"15":{"start":{"line":44,"column":4},"end":{"line":61,"column":5}},"16":{"start":{"line":45,"column":6},"end":{"line":52,"column":9}},"17":{"start":{"line":47,"column":10},"end":{"line":47,"column":null}},"18":{"start":{"line":50,"column":10},"end":{"line":50,"column":44}},"19":{"start":{"line":54,"column":6},"end":{"line":56,"column":7}},"20":{"start":{"line":55,"column":8},"end":{"line":55,"column":41}},"21":{"start":{"line":57,"column":6},"end":{"line":57,"column":50}},"22":{"start":{"line":60,"column":6},"end":{"line":60,"column":65}},"23":{"start":{"line":62,"column":4},"end":{"line":62,"column":44}},"24":{"start":{"line":10,"column":0},"end":{"line":10,"column":21}}},"fnMap":{"0":{"name":"(anonymous_1)","decl":{"start":{"line":14,"column":2},"end":{"line":14,"column":null}},"loc":{"start":{"line":14,"column":2},"end":{"line":20,"column":3}}},"1":{"name":"(anonymous_2)","decl":{"start":{"line":22,"column":2},"end":{"line":22,"column":22}},"loc":{"start":{"line":22,"column":22},"end":{"line":40,"column":3}}},"2":{"name":"(anonymous_3)","decl":{"start":{"line":42,"column":2},"end":{"line":42,"column":18}},"loc":{"start":{"line":42,"column":18},"end":{"line":63,"column":3}}},"3":{"name":"(anonymous_4)","decl":{"start":{"line":46,"column":21},"end":{"line":46,"column":22}},"loc":{"start":{"line":46,"column":45},"end":{"line":48,"column":9}}},"4":{"name":"(anonymous_5)","decl":{"start":{"line":49,"column":8},"end":{"line":49,"column":16}},"loc":{"start":{"line":49,"column":36},"end":{"line":51,"column":9}}}},"branchMap":{"0":{"loc":{"start":{"line":54,"column":6},"end":{"line":56,"column":7}},"type":"if","locations":[{"start":{"line":54,"column":6},"end":{"line":56,"column":7}}]}},"s":{"0":0,"1":0,"2":0,"3":0,"4":0,"5":0,"6":0,"7":0,"8":0,"9":0,"10":0,"11":0,"12":0,"13":0,"14":0,"15":0,"16":0,"17":0,"18":0,"19":0,"20":0,"21":0,"22":0,"23":0,"24":0},"f":{"0":0,"1":0,"2":0,"3":0,"4":0},"b":{"0":[0]}}
,"/Users/sandesh_manasali/Desktop/assignment/pando-contract-app/contract-app-be/src/utils/JobQueue.ts": {"path":"/Users/sandesh_manasali/Desktop/assignment/pando-contract-app/contract-app-be/src/utils/JobQueue.ts","statementMap":{"0":{"start":{"line":1,"column":0},"end":{"line":1,"column":24}},"1":{"start":{"line":3,"column":13},"end":{"line":7,"column":3}}},"fnMap":{},"branchMap":{"0":{"loc":{"start":{"line":5,"column":10},"end":{"line":5,"column":33}},"type":"binary-expr","locations":[{"start":{"line":5,"column":10},"end":{"line":5,"column":27}},{"start":{"line":5,"column":31},"end":{"line":5,"column":33}}]}},"s":{"0":2,"1":2},"f":{},"b":{"0":[2,2]}}
}
