TN:
SF:src/server.ts
FN:23,(anonymous_8)
FN:29,(anonymous_9)
FN:38,(anonymous_11)
FN:42,(anonymous_12)
FN:46,(anonymous_13)
FN:64,(anonymous_14)
FN:73,(anonymous_15)
FN:79,(anonymous_16)
FN:80,(anonymous_17)
FN:86,(anonymous_18)
FN:110,(anonymous_20)
FNF:11
FNH:0
FNDA:0,(anonymous_8)
FNDA:0,(anonymous_9)
FNDA:0,(anonymous_11)
FNDA:0,(anonymous_12)
FNDA:0,(anonymous_13)
FNDA:0,(anonymous_14)
FNDA:0,(anonymous_15)
FNDA:0,(anonymous_16)
FNDA:0,(anonymous_17)
FNDA:0,(anonymous_18)
FNDA:0,(anonymous_20)
DA:1,0
DA:2,0
DA:3,0
DA:4,0
DA:5,0
DA:6,0
DA:7,0
DA:8,0
DA:9,0
DA:10,0
DA:12,0
DA:14,0
DA:17,0
DA:18,0
DA:19,0
DA:24,0
DA:25,0
DA:26,0
DA:30,0
DA:31,0
DA:32,0
DA:33,0
DA:34,0
DA:36,0
DA:38,0
DA:39,0
DA:42,0
DA:43,0
DA:46,0
DA:47,0
DA:50,0
DA:52,0
DA:61,0
DA:63,0
DA:64,0
DA:65,0
DA:69,0
DA:74,0
DA:75,0
DA:76,0
DA:80,0
DA:81,0
DA:82,0
DA:87,0
DA:88,0
DA:89,0
DA:90,0
DA:93,0
DA:94,0
DA:97,0
DA:99,0
DA:102,0
DA:104,0
DA:105,0
DA:110,0
DA:111,0
DA:112,0
LF:57
LH:0
BRDA:17,0,0,0
BRDA:17,0,1,0
BRDA:18,1,0,0
BRDA:18,1,1,0
BRDA:33,2,0,0
BRDA:63,3,0,0
BRDA:88,4,0,0
BRDA:93,5,0,0
BRF:8
BRH:0
end_of_record
TN:
SF:src/common/Logger.ts
FN:11,(anonymous_0)
FN:19,(anonymous_1)
FNF:2
FNH:2
FNDA:16,(anonymous_0)
FNDA:13,(anonymous_1)
DA:3,4
DA:4,4
DA:7,4
DA:9,4
DA:12,16
DA:20,13
LF:6
LH:6
BRF:0
BRH:0
end_of_record
TN:
SF:src/common/constants.ts
FNF:0
FNH:0
DA:28,0
DA:29,0
LF:2
LH:0
BRF:0
BRH:0
end_of_record
TN:
SF:src/common/redisManager.ts
FN:13,(anonymous_8)
FN:17,(anonymous_10)
FN:21,(anonymous_11)
FN:28,(anonymous_12)
FN:41,(anonymous_13)
FN:45,(anonymous_14)
FN:49,(anonymous_15)
FN:56,(anonymous_17)
FN:60,(anonymous_18)
FN:71,(anonymous_20)
FN:79,(anonymous_22)
FN:87,(anonymous_24)
FNF:12
FNH:0
FNDA:0,(anonymous_8)
FNDA:0,(anonymous_10)
FNDA:0,(anonymous_11)
FNDA:0,(anonymous_12)
FNDA:0,(anonymous_13)
FNDA:0,(anonymous_14)
FNDA:0,(anonymous_15)
FNDA:0,(anonymous_17)
FNDA:0,(anonymous_18)
FNDA:0,(anonymous_20)
FNDA:0,(anonymous_22)
FNDA:0,(anonymous_24)
DA:2,2
DA:3,2
DA:6,2
DA:8,2
DA:10,2
DA:11,2
DA:14,0
DA:15,0
DA:17,0
DA:18,0
DA:21,0
DA:22,0
DA:23,0
DA:24,0
DA:28,0
DA:29,0
DA:30,0
DA:31,0
DA:35,0
DA:37,0
DA:42,0
DA:46,0
DA:50,0
DA:51,0
DA:52,0
DA:55,0
DA:56,0
DA:61,0
DA:62,0
DA:63,0
DA:64,0
DA:66,0
DA:72,0
DA:73,0
DA:75,0
DA:80,0
DA:81,0
DA:83,0
DA:88,0
DA:89,0
DA:91,0
LF:41
LH:6
BRDA:23,0,0,0
BRDA:30,1,0,0
BRDA:51,2,0,0
BRDA:61,3,0,0
BRF:4
BRH:0
end_of_record
TN:
SF:src/common/upload-csv-file.ts
FN:31,(anonymous_8)
FN:101,(anonymous_9)
FN:35,(anonymous_10)
FN:37,(anonymous_11)
FN:40,(anonymous_12)
FN:47,(anonymous_13)
FN:48,(anonymous_14)
FN:58,(anonymous_15)
FN:71,(anonymous_16)
FN:105,(anonymous_18)
FN:115,(anonymous_19)
FN:118,(anonymous_21)
FN:121,(anonymous_22)
FN:132,(anonymous_23)
FN:137,(anonymous_25)
FN:140,(anonymous_26)
FN:145,(anonymous_27)
FN:163,(anonymous_28)
FN:166,(anonymous_30)
FN:172,(anonymous_31)
FN:197,(anonymous_32)
FN:198,(anonymous_33)
FN:206,(anonymous_34)
FN:207,(anonymous_35)
FNF:24
FNH:23
FNDA:13,(anonymous_8)
FNDA:0,(anonymous_9)
FNDA:1,(anonymous_10)
FNDA:1,(anonymous_11)
FNDA:1,(anonymous_12)
FNDA:1,(anonymous_13)
FNDA:1,(anonymous_14)
FNDA:2,(anonymous_15)
FNDA:1,(anonymous_16)
FNDA:1,(anonymous_18)
FNDA:3,(anonymous_19)
FNDA:2,(anonymous_21)
FNDA:1,(anonymous_22)
FNDA:4,(anonymous_23)
FNDA:4,(anonymous_25)
FNDA:4,(anonymous_26)
FNDA:4,(anonymous_27)
FNDA:3,(anonymous_28)
FNDA:4,(anonymous_30)
FNDA:2,(anonymous_31)
FNDA:3,(anonymous_32)
FNDA:2,(anonymous_33)
FNDA:1,(anonymous_34)
FNDA:1,(anonymous_35)
DA:1,2
DA:2,2
DA:3,2
DA:4,2
DA:5,2
DA:7,2
DA:8,2
DA:11,2
DA:21,2
DA:22,13
DA:23,13
DA:24,13
DA:25,13
DA:26,13
DA:27,13
DA:28,13
DA:32,13
DA:36,1
DA:37,1
DA:38,1
DA:41,1
DA:42,1
DA:44,0
DA:47,1
DA:49,1
DA:53,1
DA:59,2
DA:60,0
DA:62,2
DA:63,2
DA:64,2
DA:66,2
DA:67,1
DA:75,1
DA:76,1
DA:77,0
DA:80,1
DA:82,1
DA:83,1
DA:84,1
DA:86,1
DA:88,1
DA:90,0
DA:91,0
DA:101,13
DA:102,0
DA:106,1
DA:107,1
DA:108,1
DA:111,1
DA:112,1
DA:116,3
DA:117,3
DA:118,2
DA:120,2
DA:122,1
DA:125,2
DA:127,1
DA:128,1
DA:133,4
DA:134,4
DA:136,5
DA:137,4
DA:140,5
DA:141,4
DA:145,5
DA:146,4
DA:151,5
DA:152,3
DA:155,2
DA:156,2
DA:157,2
DA:159,1
DA:160,1
DA:164,3
DA:165,3
DA:167,4
DA:171,2
DA:173,2
DA:175,2
DA:187,1
DA:188,1
DA:198,3
DA:199,2
DA:201,1
DA:207,1
LF:86
LH:80
BRDA:101,0,0,0
BRDA:59,1,0,0
BRDA:66,2,0,1
BRDA:76,3,0,0
BRDA:86,4,0,0
BRDA:86,4,1,1
BRDA:86,5,0,1
BRDA:86,5,1,1
BRDA:86,6,0,0
BRDA:86,6,1,1
BRDA:86,7,0,1
BRDA:86,7,1,1
BRDA:86,8,0,0
BRDA:86,8,1,1
BRDA:86,9,0,1
BRDA:86,9,1,1
BRDA:87,10,0,0
BRDA:87,10,1,1
BRDA:87,11,0,1
BRDA:87,11,1,1
BRDA:147,12,0,4
BRDA:147,12,1,3
BRDA:151,13,0,3
BRDA:175,14,0,2
BRDA:175,14,1,0
BRDA:199,15,0,1
BRDA:199,15,1,1
BRF:27
BRH:19
end_of_record
TN:
SF:src/controllers/Contracts.ts
FN:9,(anonymous_8)
FN:9,(anonymous_9)
FN:22,(anonymous_10)
FN:22,(anonymous_11)
FN:57,(anonymous_12)
FN:57,(anonymous_13)
FN:67,(anonymous_14)
FN:67,(anonymous_15)
FN:78,(anonymous_16)
FN:78,(anonymous_17)
FNF:10
FNH:2
FNDA:2,(anonymous_8)
FNDA:2,(anonymous_9)
FNDA:0,(anonymous_10)
FNDA:0,(anonymous_11)
FNDA:0,(anonymous_12)
FNDA:0,(anonymous_13)
FNDA:0,(anonymous_14)
FNDA:0,(anonymous_15)
FNDA:0,(anonymous_16)
FNDA:0,(anonymous_17)
DA:1,1
DA:2,1
DA:3,1
DA:5,1
DA:7,1
DA:9,2
DA:10,2
DA:11,2
DA:12,2
DA:13,2
DA:14,1
DA:15,1
DA:17,1
DA:18,1
DA:22,1
DA:23,0
DA:24,0
DA:26,0
DA:44,0
DA:45,0
DA:46,0
DA:47,0
DA:49,0
DA:52,0
DA:53,0
DA:57,1
DA:58,0
DA:59,0
DA:60,0
DA:62,0
DA:63,0
DA:67,1
DA:68,0
DA:69,0
DA:70,0
DA:72,0
DA:73,0
DA:78,1
DA:79,0
DA:80,0
DA:81,0
DA:82,0
DA:84,0
DA:85,0
DA:86,0
DA:87,0
DA:88,0
DA:91,0
DA:92,0
DA:94,0
DA:95,0
LF:51
LH:18
BRDA:44,0,0,0
BRDA:44,0,1,0
BRDA:85,1,0,0
BRDA:85,2,0,0
BRDA:85,2,1,0
BRF:5
BRH:0
end_of_record
TN:
SF:src/controllers/RateLimiter.ts
FN:8,(anonymous_8)
FN:10,(anonymous_9)
FN:20,(anonymous_10)
FNF:3
FNH:0
FNDA:0,(anonymous_8)
FNDA:0,(anonymous_9)
FNDA:0,(anonymous_10)
DA:2,0
DA:3,0
DA:5,0
DA:11,0
DA:21,0
DA:23,0
DA:24,0
DA:26,0
DA:27,0
DA:28,0
DA:30,0
DA:35,0
LF:12
LH:0
BRDA:21,0,0,0
BRDA:21,0,1,0
BRDA:23,1,0,0
BRDA:23,1,1,0
BRF:4
BRH:0
end_of_record
TN:
SF:src/models/Contract.ts
FN:37,(anonymous_1)
FN:42,(anonymous_2)
FNF:2
FNH:0
FNDA:0,(anonymous_1)
FNDA:0,(anonymous_2)
DA:1,1
DA:3,1
DA:37,1
DA:38,0
DA:39,0
DA:42,1
DA:43,0
DA:44,0
DA:45,0
DA:46,0
DA:47,0
DA:48,0
DA:49,0
DA:51,0
DA:53,0
DA:56,1
DA:64,1
LF:17
LH:6
BRDA:39,0,0,0
BRDA:39,0,1,0
BRDA:46,1,0,0
BRDA:46,1,1,0
BRDA:46,2,0,0
BRDA:46,2,1,0
BRDA:48,3,0,0
BRDA:48,3,1,0
BRF:8
BRH:0
end_of_record
TN:
SF:src/routers/ContractApiRouter.ts
FN:14,(anonymous_1)
FN:22,(anonymous_2)
FN:42,(anonymous_3)
FN:46,(anonymous_4)
FN:49,(anonymous_5)
FNF:5
FNH:0
FNDA:0,(anonymous_1)
FNDA:0,(anonymous_2)
FNDA:0,(anonymous_3)
FNDA:0,(anonymous_4)
FNDA:0,(anonymous_5)
DA:1,0
DA:2,0
DA:3,0
DA:4,0
DA:5,0
DA:6,0
DA:8,0
DA:10,0
DA:15,0
DA:16,0
DA:25,0
DA:28,0
DA:31,0
DA:34,0
DA:37,0
DA:39,0
DA:44,0
DA:45,0
DA:47,0
DA:50,0
DA:54,0
DA:55,0
DA:57,0
DA:60,0
DA:62,0
LF:25
LH:0
BRDA:54,0,0,0
BRF:1
BRH:0
end_of_record
TN:
SF:src/utils/JobQueue.ts
FNF:0
FNH:0
DA:1,2
DA:3,2
LF:2
LH:2
BRDA:5,0,0,2
BRDA:5,0,1,2
BRF:2
BRH:2
end_of_record
